## Footprint report - date 01/26/21 14:42:17
## Created by Pcbnew version kicad (5.1.9)-1
## Unit = mm, Angle = deg.

$BeginDESCRIPTION

$BOARD
upper_left_corner 62.957857 34.900190
lower_right_corner 172.754143 136.664500
$EndBOARD

$MODULE "REF**"
reference "REF**"
value "MountingHole_3.2mm_M3"
footprint "MountingHole:MountingHole_3.2mm_M3"
attribut virtual
position 163.322000 57.404000  orientation 0.00
layer front
$PAD "1"
Shape Circle Layer both
position  0.000000  0.000000  size  3.200000  3.200000  orientation 0.00
drill  3.200000
shape_offset  0.000000  0.000000
$EndPAD
$EndMODULE  REF**

$MODULE "REF**"
reference "REF**"
value "MountingHole_3.2mm_M3"
footprint "MountingHole:MountingHole_3.2mm_M3"
attribut virtual
position 163.322000 131.572000  orientation 0.00
layer front
$PAD "1"
Shape Circle Layer both
position  0.000000  0.000000  size  3.200000  3.200000  orientation 0.00
drill  3.200000
shape_offset  0.000000  0.000000
$EndPAD
$EndMODULE  REF**

$MODULE "REF**"
reference "REF**"
value "MountingHole_3.2mm_M3"
footprint "MountingHole:MountingHole_3.2mm_M3"
attribut virtual
position 72.390000 131.572000  orientation 0.00
layer front
$PAD "1"
Shape Circle Layer both
position  0.000000  0.000000  size  3.200000  3.200000  orientation 0.00
drill  3.200000
shape_offset  0.000000  0.000000
$EndPAD
$EndMODULE  REF**

$MODULE "REF**"
reference "REF**"
value "MountingHole_3.2mm_M3"
footprint "MountingHole:MountingHole_3.2mm_M3"
attribut virtual
position 72.390000 57.404000  orientation 0.00
layer front
$PAD "1"
Shape Circle Layer both
position  0.000000  0.000000  size  3.200000  3.200000  orientation 0.00
drill  3.200000
shape_offset  0.000000  0.000000
$EndPAD
$EndMODULE  REF**

$MODULE "J1"
reference "J1"
value "Conn_01x02_Female"
footprint "Connector_Phoenix_MC_HighVoltage:PhoenixContact_MCV_1,5_2-G-5.08_1x02_P5.08mm_Vertical"
attribut none
position 94.107000 60.198000  orientation 0.00
layer front
$PAD "2"
Shape Oval Layer both
position  5.080000  0.000000  size  1.800000  3.600000  orientation 0.00
drill  1.200000
shape_offset  0.000000  0.000000
$EndPAD
$PAD "1"
Shape Roundrect Layer both
position  0.000000  0.000000  size  1.800000  3.600000  orientation 0.00
drill  1.200000
shape_offset  0.000000  0.000000
$EndPAD
$EndMODULE  J1

$MODULE "J3"
reference "J3"
value "Conn_01x04_Female"
footprint "Connector_Phoenix_MC_HighVoltage:PhoenixContact_MCV_1,5_4-G-5.08_1x04_P5.08mm_Vertical"
attribut none
position 116.459000 60.198000  orientation 0.00
layer front
$PAD "4"
Shape Oval Layer both
position 15.240000  0.000000  size  1.800000  3.600000  orientation 0.00
drill  1.200000
shape_offset  0.000000  0.000000
$EndPAD
$PAD "3"
Shape Oval Layer both
position 10.160000  0.000000  size  1.800000  3.600000  orientation 0.00
drill  1.200000
shape_offset  0.000000  0.000000
$EndPAD
$PAD "2"
Shape Oval Layer both
position  5.080000  0.000000  size  1.800000  3.600000  orientation 0.00
drill  1.200000
shape_offset  0.000000  0.000000
$EndPAD
$PAD "1"
Shape Roundrect Layer both
position  0.000000  0.000000  size  1.800000  3.600000  orientation 0.00
drill  1.200000
shape_offset  0.000000  0.000000
$EndPAD
$EndMODULE  J3

$MODULE "L1"
reference "L1"
value "15uH"
footprint "Inductor_SMD:L_12x12mm_H4.5mm"
attribut smd
position 78.489000 117.221000  orientation 180.00
layer front
$PAD "2"
Shape Rect Layer front
position  4.950000  0.000000  size  2.900000  5.400000  orientation 0.00
drill  0.000000
shape_offset  0.000000  0.000000
$EndPAD
$PAD "1"
Shape Rect Layer front
position -4.950000  0.000000  size  2.900000  5.400000  orientation 0.00
drill  0.000000
shape_offset  0.000000  0.000000
$EndPAD
$EndMODULE  L1

$MODULE "K2"
reference "K2"
value "JOC-3FF"
footprint "Relay_THT:Relay_SPDT_Finder_36.11"
attribut none
position 140.208000 112.014000  orientation 0.00
layer front
$PAD "7"
Shape Circle Layer both
position  0.000000  0.000000  size  3.000000  3.000000  orientation 0.00
drill  1.300000
shape_offset  0.000000  0.000000
$EndPAD
$PAD "6"
Shape Circle Layer both
position  2.000000 -6.000000  size  3.000000  3.000000  orientation 0.00
drill  1.300000
shape_offset  0.000000  0.000000
$EndPAD
$PAD "1"
Shape Circle Layer both
position 14.200000 -6.000000  size  3.000000  3.000000  orientation 0.00
drill  1.300000
shape_offset  0.000000  0.000000
$EndPAD
$PAD "14"
Shape Circle Layer both
position 14.200000  6.000000  size  3.000000  3.000000  orientation 0.00
drill  1.300000
shape_offset  0.000000  0.000000
$EndPAD
$PAD "2"
Shape Circle Layer both
position  2.000000  6.000000  size  3.000000  3.000000  orientation 0.00
drill  1.300000
shape_offset  0.000000  0.000000
$EndPAD
$EndMODULE  K2

$MODULE "U3"
reference "U3"
value "ESP8266_nodekit"
footprint "ESP8266_nodemcu_foot:SEEED_113990105"
attribut none
position 137.160000 84.328000  orientation 270.00
layer front
$PAD "None"
Shape Circle Layer both
position -10.160000 21.590000  size  3.200000  3.200000  orientation 0.00
drill  3.200000
shape_offset  0.000000  0.000000
$EndPAD
$PAD "None"
Shape Circle Layer both
position 10.160000 21.590000  size  3.200000  3.200000  orientation 0.00
drill  3.200000
shape_offset  0.000000  0.000000
$EndPAD
$PAD "None"
Shape Circle Layer both
position 10.160000 -21.590000  size  3.200000  3.200000  orientation 0.00
drill  3.200000
shape_offset  0.000000  0.000000
$EndPAD
$PAD "None"
Shape Circle Layer both
position -10.160000 -21.590000  size  3.200000  3.200000  orientation 0.00
drill  3.200000
shape_offset  0.000000  0.000000
$EndPAD
$PAD "16"
Shape Circle Layer both
position 11.430000 17.780000  size  1.930000  1.930000  orientation 0.00
drill  0.889000
shape_offset  0.000000  0.000000
$EndPAD
$PAD "17"
Shape Circle Layer both
position 11.430000 15.240000  size  1.930000  1.930000  orientation 0.00
drill  0.889000
shape_offset  0.000000  0.000000
$EndPAD
$PAD "18"
Shape Circle Layer both
position 11.430000 12.700000  size  1.930000  1.930000  orientation 0.00
drill  0.889000
shape_offset  0.000000  0.000000
$EndPAD
$PAD "19"
Shape Circle Layer both
position 11.430000 10.160000  size  1.930000  1.930000  orientation 0.00
drill  0.889000
shape_offset  0.000000  0.000000
$EndPAD
$PAD "20"
Shape Circle Layer both
position 11.430000  7.620000  size  1.930000  1.930000  orientation 0.00
drill  0.889000
shape_offset  0.000000  0.000000
$EndPAD
$PAD "21"
Shape Circle Layer both
position 11.430000  5.080000  size  1.930000  1.930000  orientation 0.00
drill  0.889000
shape_offset  0.000000  0.000000
$EndPAD
$PAD "22"
Shape Circle Layer both
position 11.430000  2.540000  size  1.930000  1.930000  orientation 0.00
drill  0.889000
shape_offset  0.000000  0.000000
$EndPAD
$PAD "23"
Shape Circle Layer both
position 11.430000  0.000000  size  1.930000  1.930000  orientation 0.00
drill  0.889000
shape_offset  0.000000  0.000000
$EndPAD
$PAD "24"
Shape Circle Layer both
position 11.430000 -2.540000  size  1.930000  1.930000  orientation 0.00
drill  0.889000
shape_offset  0.000000  0.000000
$EndPAD
$PAD "25"
Shape Circle Layer both
position 11.430000 -5.080000  size  1.930000  1.930000  orientation 0.00
drill  0.889000
shape_offset  0.000000  0.000000
$EndPAD
$PAD "26"
Shape Circle Layer both
position 11.430000 -7.620000  size  1.930000  1.930000  orientation 0.00
drill  0.889000
shape_offset  0.000000  0.000000
$EndPAD
$PAD "27"
Shape Circle Layer both
position 11.430000 -10.160000  size  1.930000  1.930000  orientation 0.00
drill  0.889000
shape_offset  0.000000  0.000000
$EndPAD
$PAD "28"
Shape Circle Layer both
position 11.430000 -12.700000  size  1.930000  1.930000  orientation 0.00
drill  0.889000
shape_offset  0.000000  0.000000
$EndPAD
$PAD "29"
Shape Circle Layer both
position 11.430000 -15.240000  size  1.930000  1.930000  orientation 0.00
drill  0.889000
shape_offset  0.000000  0.000000
$EndPAD
$PAD "30"
Shape Rect Layer both
position 11.430000 -17.780000  size  1.930000  1.930000  orientation 0.00
drill  0.889000
shape_offset  0.000000  0.000000
$EndPAD
$PAD "15"
Shape Circle Layer both
position -11.430000 17.780000  size  1.930000  1.930000  orientation 0.00
drill  0.889000
shape_offset  0.000000  0.000000
$EndPAD
$PAD "14"
Shape Circle Layer both
position -11.430000 15.240000  size  1.930000  1.930000  orientation 0.00
drill  0.889000
shape_offset  0.000000  0.000000
$EndPAD
$PAD "13"
Shape Circle Layer both
position -11.430000 12.700000  size  1.930000  1.930000  orientation 0.00
drill  0.889000
shape_offset  0.000000  0.000000
$EndPAD
$PAD "12"
Shape Circle Layer both
position -11.430000 10.160000  size  1.930000  1.930000  orientation 0.00
drill  0.889000
shape_offset  0.000000  0.000000
$EndPAD
$PAD "11"
Shape Circle Layer both
position -11.430000  7.620000  size  1.930000  1.930000  orientation 0.00
drill  0.889000
shape_offset  0.000000  0.000000
$EndPAD
$PAD "10"
Shape Circle Layer both
position -11.430000  5.080000  size  1.930000  1.930000  orientation 0.00
drill  0.889000
shape_offset  0.000000  0.000000
$EndPAD
$PAD "9"
Shape Circle Layer both
position -11.430000  2.540000  size  1.930000  1.930000  orientation 0.00
drill  0.889000
shape_offset  0.000000  0.000000
$EndPAD
$PAD "8"
Shape Circle Layer both
position -11.430000  0.000000  size  1.930000  1.930000  orientation 0.00
drill  0.889000
shape_offset  0.000000  0.000000
$EndPAD
$PAD "7"
Shape Circle Layer both
position -11.430000 -2.540000  size  1.930000  1.930000  orientation 0.00
drill  0.889000
shape_offset  0.000000  0.000000
$EndPAD
$PAD "6"
Shape Circle Layer both
position -11.430000 -5.080000  size  1.930000  1.930000  orientation 0.00
drill  0.889000
shape_offset  0.000000  0.000000
$EndPAD
$PAD "5"
Shape Circle Layer both
position -11.430000 -7.620000  size  1.930000  1.930000  orientation 0.00
drill  0.889000
shape_offset  0.000000  0.000000
$EndPAD
$PAD "4"
Shape Circle Layer both
position -11.430000 -10.160000  size  1.930000  1.930000  orientation 0.00
drill  0.889000
shape_offset  0.000000  0.000000
$EndPAD
$PAD "3"
Shape Circle Layer both
position -11.430000 -12.700000  size  1.930000  1.930000  orientation 0.00
drill  0.889000
shape_offset  0.000000  0.000000
$EndPAD
$PAD "2"
Shape Circle Layer both
position -11.430000 -15.240000  size  1.930000  1.930000  orientation 0.00
drill  0.889000
shape_offset  0.000000  0.000000
$EndPAD
$PAD "1"
Shape Rect Layer both
position -11.430000 -17.780000  size  1.930000  1.930000  orientation 0.00
drill  0.889000
shape_offset  0.000000  0.000000
$EndPAD
$EndMODULE  U3

$MODULE "J11"
reference "J11"
value "Conn_01x02_Female"
footprint "Connector_Phoenix_MC_HighVoltage:PhoenixContact_MCV_1,5_2-G-5.08_1x02_P5.08mm_Vertical"
attribut none
position 82.931000 60.198000  orientation 0.00
layer front
$PAD "2"
Shape Oval Layer both
position  5.080000  0.000000  size  1.800000  3.600000  orientation 0.00
drill  1.200000
shape_offset  0.000000  0.000000
$EndPAD
$PAD "1"
Shape Roundrect Layer both
position  0.000000  0.000000  size  1.800000  3.600000  orientation 0.00
drill  1.200000
shape_offset  0.000000  0.000000
$EndPAD
$EndMODULE  J11

$MODULE "J6"
reference "J6"
value "Conn_01x02_Female"
footprint "Connector_PinHeader_2.54mm:PinHeader_1x02_P2.54mm_Vertical"
attribut none
position 154.432000 56.007000  orientation 270.00
layer front
$PAD "2"
Shape Oval Layer both
position  0.000000  2.540000  size  1.700000  1.700000  orientation 0.00
drill  1.000000
shape_offset  0.000000  0.000000
$EndPAD
$PAD "1"
Shape Rect Layer both
position  0.000000  0.000000  size  1.700000  1.700000  orientation 0.00
drill  1.000000
shape_offset  0.000000  0.000000
$EndPAD
$EndMODULE  J6

$MODULE "U4"
reference "U4"
value "MAX483E"
footprint "Generator_ESP:SOIC127P600X175-8N"
attribut none
position 145.415000 58.547000  orientation 90.00
layer front
$PAD "8"
Shape Rect Layer front
position  2.475000 -1.905000  size  1.970000  0.590000  orientation 0.00
drill  0.000000
shape_offset  0.000000  0.000000
$EndPAD
$PAD "7"
Shape Rect Layer front
position  2.475000 -0.635000  size  1.970000  0.590000  orientation 0.00
drill  0.000000
shape_offset  0.000000  0.000000
$EndPAD
$PAD "6"
Shape Rect Layer front
position  2.475000  0.635000  size  1.970000  0.590000  orientation 0.00
drill  0.000000
shape_offset  0.000000  0.000000
$EndPAD
$PAD "5"
Shape Rect Layer front
position  2.475000  1.905000  size  1.970000  0.590000  orientation 0.00
drill  0.000000
shape_offset  0.000000  0.000000
$EndPAD
$PAD "4"
Shape Rect Layer front
position -2.475000  1.905000  size  1.970000  0.590000  orientation 0.00
drill  0.000000
shape_offset  0.000000  0.000000
$EndPAD
$PAD "3"
Shape Rect Layer front
position -2.475000  0.635000  size  1.970000  0.590000  orientation 0.00
drill  0.000000
shape_offset  0.000000  0.000000
$EndPAD
$PAD "2"
Shape Rect Layer front
position -2.475000 -0.635000  size  1.970000  0.590000  orientation 0.00
drill  0.000000
shape_offset  0.000000  0.000000
$EndPAD
$PAD "1"
Shape Rect Layer front
position -2.475000 -1.905000  size  1.970000  0.590000  orientation 0.00
drill  0.000000
shape_offset  0.000000  0.000000
$EndPAD
$EndMODULE  U4

$MODULE "K1"
reference "K1"
value "JOC-3FF"
footprint "Relay_THT:Relay_SPDT_Finder_36.11"
attribut none
position 111.284000 112.934000  orientation 0.00
layer front
$PAD "7"
Shape Circle Layer both
position  0.000000  0.000000  size  3.000000  3.000000  orientation 0.00
drill  1.300000
shape_offset  0.000000  0.000000
$EndPAD
$PAD "6"
Shape Circle Layer both
position  2.000000 -6.000000  size  3.000000  3.000000  orientation 0.00
drill  1.300000
shape_offset  0.000000  0.000000
$EndPAD
$PAD "1"
Shape Circle Layer both
position 14.200000 -6.000000  size  3.000000  3.000000  orientation 0.00
drill  1.300000
shape_offset  0.000000  0.000000
$EndPAD
$PAD "14"
Shape Circle Layer both
position 14.200000  6.000000  size  3.000000  3.000000  orientation 0.00
drill  1.300000
shape_offset  0.000000  0.000000
$EndPAD
$PAD "2"
Shape Circle Layer both
position  2.000000  6.000000  size  3.000000  3.000000  orientation 0.00
drill  1.300000
shape_offset  0.000000  0.000000
$EndPAD
$EndMODULE  K1

$MODULE "U1"
reference "U1"
value "SFH617A-1"
footprint "Package_DIP:SMDIP-4_W7.62mm"
attribut smd
position 89.662000 72.898000  orientation 0.00
layer front
$PAD "4"
Shape Rect Layer front
position  3.810000 -1.270000  size  2.000000  1.780000  orientation 0.00
drill  0.000000
shape_offset  0.000000  0.000000
$EndPAD
$PAD "2"
Shape Rect Layer front
position -3.810000  1.270000  size  2.000000  1.780000  orientation 0.00
drill  0.000000
shape_offset  0.000000  0.000000
$EndPAD
$PAD "3"
Shape Rect Layer front
position  3.810000  1.270000  size  2.000000  1.780000  orientation 0.00
drill  0.000000
shape_offset  0.000000  0.000000
$EndPAD
$PAD "1"
Shape Rect Layer front
position -3.810000 -1.270000  size  2.000000  1.780000  orientation 0.00
drill  0.000000
shape_offset  0.000000  0.000000
$EndPAD
$EndMODULE  U1

$MODULE "R5"
reference "R5"
value "4K7"
footprint "Resistor_SMD:R_0805_2012Metric_Pad1.20x1.40mm_HandSolder"
attribut smd
position 82.280000 69.088000  orientation 180.00
layer front
$PAD "2"
Shape Roundrect Layer front
position  1.000000  0.000000  size  1.200000  1.400000  orientation 0.00
drill  0.000000
shape_offset  0.000000  0.000000
$EndPAD
$PAD "1"
Shape Roundrect Layer front
position -1.000000  0.000000  size  1.200000  1.400000  orientation 0.00
drill  0.000000
shape_offset  0.000000  0.000000
$EndPAD
$EndMODULE  R5

$MODULE "R13"
reference "R13"
value "1K 0.25W"
footprint "Resistor_SMD:R_0805_2012Metric_Pad1.20x1.40mm_HandSolder"
attribut smd
position 90.932000 79.248000  orientation 180.00
layer front
$PAD "2"
Shape Roundrect Layer front
position  1.000000  0.000000  size  1.200000  1.400000  orientation 0.00
drill  0.000000
shape_offset  0.000000  0.000000
$EndPAD
$PAD "1"
Shape Roundrect Layer front
position -1.000000  0.000000  size  1.200000  1.400000  orientation 0.00
drill  0.000000
shape_offset  0.000000  0.000000
$EndPAD
$EndMODULE  R13

$MODULE "D1"
reference "D1"
value "D_Zener_Small"
footprint "Diode_SMD:D_MELF"
attribut smd
position 82.550000 75.044000  orientation 270.00
layer front
$PAD "2"
Shape Rect Layer front
position  2.400000  0.000000  size  1.500000  2.700000  orientation 0.00
drill  0.000000
shape_offset  0.000000  0.000000
$EndPAD
$PAD "1"
Shape Rect Layer front
position -2.400000  0.000000  size  1.500000  2.700000  orientation 0.00
drill  0.000000
shape_offset  0.000000  0.000000
$EndPAD
$EndMODULE  D1

$MODULE "D2"
reference "D2"
value "D_Zener_Small"
footprint "Diode_SMD:D_MELF"
attribut smd
position 96.406000 67.818000  orientation 180.00
layer front
$PAD "2"
Shape Rect Layer front
position  2.400000  0.000000  size  1.500000  2.700000  orientation 0.00
drill  0.000000
shape_offset  0.000000  0.000000
$EndPAD
$PAD "1"
Shape Rect Layer front
position -2.400000  0.000000  size  1.500000  2.700000  orientation 0.00
drill  0.000000
shape_offset  0.000000  0.000000
$EndPAD
$EndMODULE  D2

$MODULE "D6"
reference "D6"
value "1N914"
footprint "Diode_SMD:D_0805_2012Metric"
attribut smd
position 156.385500 88.646000  orientation 180.00
layer front
$PAD "2"
Shape Roundrect Layer front
position  0.937500  0.000000  size  0.975000  1.400000  orientation 0.00
drill  0.000000
shape_offset  0.000000  0.000000
$EndPAD
$PAD "1"
Shape Roundrect Layer front
position -0.937500  0.000000  size  0.975000  1.400000  orientation 0.00
drill  0.000000
shape_offset  0.000000  0.000000
$EndPAD
$EndMODULE  D6

$MODULE "D5"
reference "D5"
value "1N914"
footprint "Diode_SMD:D_0805_2012Metric"
attribut smd
position 106.680000 117.094000  orientation 90.00
layer front
$PAD "2"
Shape Roundrect Layer front
position  0.937500  0.000000  size  0.975000  1.400000  orientation 0.00
drill  0.000000
shape_offset  0.000000  0.000000
$EndPAD
$PAD "1"
Shape Roundrect Layer front
position -0.937500  0.000000  size  0.975000  1.400000  orientation 0.00
drill  0.000000
shape_offset  0.000000  0.000000
$EndPAD
$EndMODULE  D5

$MODULE "C4"
reference "C4"
value "CP1_Small"
footprint "Capacitor_SMD:C_0805_2012Metric"
attribut smd
position 152.654000 69.154000  orientation 270.00
layer front
$PAD "2"
Shape Roundrect Layer front
position  0.950000  0.000000  size  1.000000  1.450000  orientation 0.00
drill  0.000000
shape_offset  0.000000  0.000000
$EndPAD
$PAD "1"
Shape Roundrect Layer front
position -0.950000  0.000000  size  1.000000  1.450000  orientation 0.00
drill  0.000000
shape_offset  0.000000  0.000000
$EndPAD
$EndMODULE  C4

$MODULE "C1"
reference "C1"
value "4.7uF 16V Tantalum"
footprint "Capacitor_SMD:C_0805_2012Metric"
attribut smd
position 77.978000 130.810000  orientation 180.00
layer front
$PAD "2"
Shape Roundrect Layer front
position  0.950000  0.000000  size  1.000000  1.450000  orientation 0.00
drill  0.000000
shape_offset  0.000000  0.000000
$EndPAD
$PAD "1"
Shape Roundrect Layer front
position -0.950000  0.000000  size  1.000000  1.450000  orientation 0.00
drill  0.000000
shape_offset  0.000000  0.000000
$EndPAD
$EndMODULE  C1

$MODULE "J5"
reference "J5"
value "Conn_02x08_Top_Bottom"
footprint "Connector_PinHeader_2.54mm:PinHeader_2x08_P2.54mm_Vertical"
attribut none
position 100.838000 103.124000  orientation 180.00
layer front
$PAD "16"
Shape Oval Layer both
position  2.540000 17.780000  size  1.700000  1.700000  orientation 0.00
drill  1.000000
shape_offset  0.000000  0.000000
$EndPAD
$PAD "15"
Shape Oval Layer both
position  0.000000 17.780000  size  1.700000  1.700000  orientation 0.00
drill  1.000000
shape_offset  0.000000  0.000000
$EndPAD
$PAD "14"
Shape Oval Layer both
position  2.540000 15.240000  size  1.700000  1.700000  orientation 0.00
drill  1.000000
shape_offset  0.000000  0.000000
$EndPAD
$PAD "13"
Shape Oval Layer both
position  0.000000 15.240000  size  1.700000  1.700000  orientation 0.00
drill  1.000000
shape_offset  0.000000  0.000000
$EndPAD
$PAD "12"
Shape Oval Layer both
position  2.540000 12.700000  size  1.700000  1.700000  orientation 0.00
drill  1.000000
shape_offset  0.000000  0.000000
$EndPAD
$PAD "11"
Shape Oval Layer both
position  0.000000 12.700000  size  1.700000  1.700000  orientation 0.00
drill  1.000000
shape_offset  0.000000  0.000000
$EndPAD
$PAD "10"
Shape Oval Layer both
position  2.540000 10.160000  size  1.700000  1.700000  orientation 0.00
drill  1.000000
shape_offset  0.000000  0.000000
$EndPAD
$PAD "9"
Shape Oval Layer both
position  0.000000 10.160000  size  1.700000  1.700000  orientation 0.00
drill  1.000000
shape_offset  0.000000  0.000000
$EndPAD
$PAD "8"
Shape Oval Layer both
position  2.540000  7.620000  size  1.700000  1.700000  orientation 0.00
drill  1.000000
shape_offset  0.000000  0.000000
$EndPAD
$PAD "7"
Shape Oval Layer both
position  0.000000  7.620000  size  1.700000  1.700000  orientation 0.00
drill  1.000000
shape_offset  0.000000  0.000000
$EndPAD
$PAD "6"
Shape Oval Layer both
position  2.540000  5.080000  size  1.700000  1.700000  orientation 0.00
drill  1.000000
shape_offset  0.000000  0.000000
$EndPAD
$PAD "5"
Shape Oval Layer both
position  0.000000  5.080000  size  1.700000  1.700000  orientation 0.00
drill  1.000000
shape_offset  0.000000  0.000000
$EndPAD
$PAD "4"
Shape Oval Layer both
position  2.540000  2.540000  size  1.700000  1.700000  orientation 0.00
drill  1.000000
shape_offset  0.000000  0.000000
$EndPAD
$PAD "3"
Shape Oval Layer both
position  0.000000  2.540000  size  1.700000  1.700000  orientation 0.00
drill  1.000000
shape_offset  0.000000  0.000000
$EndPAD
$PAD "2"
Shape Oval Layer both
position  2.540000  0.000000  size  1.700000  1.700000  orientation 0.00
drill  1.000000
shape_offset  0.000000  0.000000
$EndPAD
$PAD "1"
Shape Rect Layer both
position  0.000000  0.000000  size  1.700000  1.700000  orientation 0.00
drill  1.000000
shape_offset  0.000000  0.000000
$EndPAD
$EndMODULE  J5

$MODULE "U5"
reference "U5"
value "MP1584EN"
footprint "MP1584:SOIC127P600X170-9N"
attribut none
position 89.662000 93.472000  orientation 270.00
layer front
$PAD "9"
Shape Rect Layer front
position  0.000000  0.000000  size  2.410000  3.300000  orientation 0.00
drill  0.000000
shape_offset  0.000000  0.000000
$EndPAD
$PAD "8"
Shape Rect Layer front
position  2.475000 -1.905000  size  1.970000  0.600000  orientation 0.00
drill  0.000000
shape_offset  0.000000  0.000000
$EndPAD
$PAD "7"
Shape Rect Layer front
position  2.475000 -0.635000  size  1.970000  0.600000  orientation 0.00
drill  0.000000
shape_offset  0.000000  0.000000
$EndPAD
$PAD "6"
Shape Rect Layer front
position  2.475000  0.635000  size  1.970000  0.600000  orientation 0.00
drill  0.000000
shape_offset  0.000000  0.000000
$EndPAD
$PAD "5"
Shape Rect Layer front
position  2.475000  1.905000  size  1.970000  0.600000  orientation 0.00
drill  0.000000
shape_offset  0.000000  0.000000
$EndPAD
$PAD "4"
Shape Rect Layer front
position -2.475000  1.905000  size  1.970000  0.600000  orientation 0.00
drill  0.000000
shape_offset  0.000000  0.000000
$EndPAD
$PAD "3"
Shape Rect Layer front
position -2.475000  0.635000  size  1.970000  0.600000  orientation 0.00
drill  0.000000
shape_offset  0.000000  0.000000
$EndPAD
$PAD "2"
Shape Rect Layer front
position -2.475000 -0.635000  size  1.970000  0.600000  orientation 0.00
drill  0.000000
shape_offset  0.000000  0.000000
$EndPAD
$PAD "1"
Shape Rect Layer front
position -2.475000 -1.905000  size  1.970000  0.600000  orientation 0.00
drill  0.000000
shape_offset  0.000000  0.000000
$EndPAD
$EndMODULE  U5

$MODULE "U2"
reference "U2"
value "SFH617A-1"
footprint "Package_DIP:SMDIP-4_W7.62mm"
attribut smd
position 101.092000 76.200000  orientation 0.00
layer front
$PAD "4"
Shape Rect Layer front
position  3.810000 -1.270000  size  2.000000  1.780000  orientation 0.00
drill  0.000000
shape_offset  0.000000  0.000000
$EndPAD
$PAD "2"
Shape Rect Layer front
position -3.810000  1.270000  size  2.000000  1.780000  orientation 0.00
drill  0.000000
shape_offset  0.000000  0.000000
$EndPAD
$PAD "3"
Shape Rect Layer front
position  3.810000  1.270000  size  2.000000  1.780000  orientation 0.00
drill  0.000000
shape_offset  0.000000  0.000000
$EndPAD
$PAD "1"
Shape Rect Layer front
position -3.810000 -1.270000  size  2.000000  1.780000  orientation 0.00
drill  0.000000
shape_offset  0.000000  0.000000
$EndPAD
$EndMODULE  U2

$MODULE "SW2"
reference "SW2"
value "SW_Push"
footprint "Button_Switch_SMD:SW_SPST_B3U-1000P"
attribut smd
position 154.178000 64.008000  orientation 0.00
layer front
$PAD "2"
Shape Rect Layer front
position  1.700000  0.000000  size  0.900000  1.700000  orientation 0.00
drill  0.000000
shape_offset  0.000000  0.000000
$EndPAD
$PAD "1"
Shape Rect Layer front
position -1.700000  0.000000  size  0.900000  1.700000  orientation 0.00
drill  0.000000
shape_offset  0.000000  0.000000
$EndPAD
$EndMODULE  SW2

$MODULE "SW1"
reference "SW1"
value "SW_Push"
footprint "Button_Switch_SMD:SW_SPST_B3U-1000P"
attribut smd
position 143.051000 64.389000  orientation 0.00
layer front
$PAD "2"
Shape Rect Layer front
position  1.700000  0.000000  size  0.900000  1.700000  orientation 0.00
drill  0.000000
shape_offset  0.000000  0.000000
$EndPAD
$PAD "1"
Shape Rect Layer front
position -1.700000  0.000000  size  0.900000  1.700000  orientation 0.00
drill  0.000000
shape_offset  0.000000  0.000000
$EndPAD
$EndMODULE  SW1

$MODULE "R24"
reference "R24"
value "24K"
footprint "Resistor_SMD:R_0805_2012Metric_Pad1.20x1.40mm_HandSolder"
attribut smd
position 71.628000 102.632000  orientation 270.00
layer front
$PAD "2"
Shape Roundrect Layer front
position  1.000000  0.000000  size  1.200000  1.400000  orientation 0.00
drill  0.000000
shape_offset  0.000000  0.000000
$EndPAD
$PAD "1"
Shape Roundrect Layer front
position -1.000000  0.000000  size  1.200000  1.400000  orientation 0.00
drill  0.000000
shape_offset  0.000000  0.000000
$EndPAD
$EndMODULE  R24

$MODULE "R23"
reference "R23"
value "100K"
footprint "Resistor_SMD:R_0805_2012Metric_Pad1.20x1.40mm_HandSolder"
attribut smd
position 75.168000 106.172000  orientation 180.00
layer front
$PAD "2"
Shape Roundrect Layer front
position  1.000000  0.000000  size  1.200000  1.400000  orientation 0.00
drill  0.000000
shape_offset  0.000000  0.000000
$EndPAD
$PAD "1"
Shape Roundrect Layer front
position -1.000000  0.000000  size  1.200000  1.400000  orientation 0.00
drill  0.000000
shape_offset  0.000000  0.000000
$EndPAD
$EndMODULE  R23

$MODULE "R22"
reference "R22"
value "200K"
footprint "Resistor_SMD:R_0805_2012Metric_Pad1.20x1.40mm_HandSolder"
attribut smd
position 88.392000 99.584000  orientation 0.00
layer front
$PAD "2"
Shape Roundrect Layer front
position  1.000000  0.000000  size  1.200000  1.400000  orientation 0.00
drill  0.000000
shape_offset  0.000000  0.000000
$EndPAD
$PAD "1"
Shape Roundrect Layer front
position -1.000000  0.000000  size  1.200000  1.400000  orientation 0.00
drill  0.000000
shape_offset  0.000000  0.000000
$EndPAD
$EndMODULE  R22

$MODULE "R21"
reference "R21"
value "1K 0.25W"
footprint "Resistor_SMD:R_0805_2012Metric_Pad1.20x1.40mm_HandSolder"
attribut smd
position 102.108000 117.332000  orientation 270.00
layer front
$PAD "2"
Shape Roundrect Layer front
position  1.000000  0.000000  size  1.200000  1.400000  orientation 0.00
drill  0.000000
shape_offset  0.000000  0.000000
$EndPAD
$PAD "1"
Shape Roundrect Layer front
position -1.000000  0.000000  size  1.200000  1.400000  orientation 0.00
drill  0.000000
shape_offset  0.000000  0.000000
$EndPAD
$EndMODULE  R21

$MODULE "R20"
reference "R20"
value "1K 0.25W"
footprint "Resistor_SMD:R_0805_2012Metric_Pad1.20x1.40mm_HandSolder"
attribut smd
position 99.822000 117.348000  orientation 90.00
layer front
$PAD "2"
Shape Roundrect Layer front
position  1.000000  0.000000  size  1.200000  1.400000  orientation 0.00
drill  0.000000
shape_offset  0.000000  0.000000
$EndPAD
$PAD "1"
Shape Roundrect Layer front
position -1.000000  0.000000  size  1.200000  1.400000  orientation 0.00
drill  0.000000
shape_offset  0.000000  0.000000
$EndPAD
$EndMODULE  R20

$MODULE "R19"
reference "R19"
value "SPARKFUN-RESISTORS_4.7KOHM-0603-1_10W-1%-Test"
footprint "Resistor_SMD:R_0805_2012Metric_Pad1.20x1.40mm_HandSolder"
attribut smd
position 157.988000 56.499000  orientation 90.00
layer front
$PAD "2"
Shape Roundrect Layer front
position  1.000000  0.000000  size  1.200000  1.400000  orientation 0.00
drill  0.000000
shape_offset  0.000000  0.000000
$EndPAD
$PAD "1"
Shape Roundrect Layer front
position -1.000000  0.000000  size  1.200000  1.400000  orientation 0.00
drill  0.000000
shape_offset  0.000000  0.000000
$EndPAD
$EndMODULE  R19

$MODULE "R18"
reference "R18"
value "1K 0.25W"
footprint "Resistor_SMD:R_0805_2012Metric_Pad1.20x1.40mm_HandSolder"
attribut smd
position 145.288000 90.805000  orientation 270.00
layer front
$PAD "2"
Shape Roundrect Layer front
position  1.000000  0.000000  size  1.200000  1.400000  orientation 0.00
drill  0.000000
shape_offset  0.000000  0.000000
$EndPAD
$PAD "1"
Shape Roundrect Layer front
position -1.000000  0.000000  size  1.200000  1.400000  orientation 0.00
drill  0.000000
shape_offset  0.000000  0.000000
$EndPAD
$EndMODULE  R18

$MODULE "R17"
reference "R17"
value "1K 0.25W"
footprint "Resistor_SMD:R_0805_2012Metric_Pad1.20x1.40mm_HandSolder"
attribut smd
position 106.680000 113.030000  orientation 90.00
layer front
$PAD "2"
Shape Roundrect Layer front
position  1.000000  0.000000  size  1.200000  1.400000  orientation 0.00
drill  0.000000
shape_offset  0.000000  0.000000
$EndPAD
$PAD "1"
Shape Roundrect Layer front
position -1.000000  0.000000  size  1.200000  1.400000  orientation 0.00
drill  0.000000
shape_offset  0.000000  0.000000
$EndPAD
$EndMODULE  R17

$MODULE "R16"
reference "R16"
value "0"
footprint "Resistor_SMD:R_0805_2012Metric_Pad1.20x1.40mm_HandSolder"
attribut smd
position 92.202000 101.362000  orientation 270.00
layer front
$PAD "2"
Shape Roundrect Layer front
position  1.000000  0.000000  size  1.200000  1.400000  orientation 0.00
drill  0.000000
shape_offset  0.000000  0.000000
$EndPAD
$PAD "1"
Shape Roundrect Layer front
position -1.000000  0.000000  size  1.200000  1.400000  orientation 0.00
drill  0.000000
shape_offset  0.000000  0.000000
$EndPAD
$EndMODULE  R16

$MODULE "R15"
reference "R15"
value "62K"
footprint "Resistor_SMD:R_0805_2012Metric_Pad1.20x1.40mm_HandSolder"
attribut smd
position 85.852000 87.392000  orientation 90.00
layer front
$PAD "2"
Shape Roundrect Layer front
position  1.000000  0.000000  size  1.200000  1.400000  orientation 0.00
drill  0.000000
shape_offset  0.000000  0.000000
$EndPAD
$PAD "1"
Shape Roundrect Layer front
position -1.000000  0.000000  size  1.200000  1.400000  orientation 0.00
drill  0.000000
shape_offset  0.000000  0.000000
$EndPAD
$EndMODULE  R15

$MODULE "R14"
reference "R14"
value "1K 0.25W"
footprint "Resistor_SMD:R_0805_2012Metric_Pad1.20x1.40mm_HandSolder"
attribut smd
position 109.982000 74.422000  orientation 180.00
layer front
$PAD "2"
Shape Roundrect Layer front
position  1.000000  0.000000  size  1.200000  1.400000  orientation 0.00
drill  0.000000
shape_offset  0.000000  0.000000
$EndPAD
$PAD "1"
Shape Roundrect Layer front
position -1.000000  0.000000  size  1.200000  1.400000  orientation 0.00
drill  0.000000
shape_offset  0.000000  0.000000
$EndPAD
$EndMODULE  R14

$MODULE "R12"
reference "R12"
value "R_Small_US"
footprint "Resistor_SMD:R_0805_2012Metric_Pad1.20x1.40mm_HandSolder"
attribut smd
position 149.098000 65.294000  orientation 90.00
layer front
$PAD "2"
Shape Roundrect Layer front
position  1.000000  0.000000  size  1.200000  1.400000  orientation 0.00
drill  0.000000
shape_offset  0.000000  0.000000
$EndPAD
$PAD "1"
Shape Roundrect Layer front
position -1.000000  0.000000  size  1.200000  1.400000  orientation 0.00
drill  0.000000
shape_offset  0.000000  0.000000
$EndPAD
$EndMODULE  R12

$MODULE "R11"
reference "R11"
value "R_Small_US"
footprint "Resistor_SMD:R_0805_2012Metric_Pad1.20x1.40mm_HandSolder"
attribut smd
position 155.956000 69.104000  orientation 270.00
layer front
$PAD "2"
Shape Roundrect Layer front
position  1.000000  0.000000  size  1.200000  1.400000  orientation 0.00
drill  0.000000
shape_offset  0.000000  0.000000
$EndPAD
$PAD "1"
Shape Roundrect Layer front
position -1.000000  0.000000  size  1.200000  1.400000  orientation 0.00
drill  0.000000
shape_offset  0.000000  0.000000
$EndPAD
$EndMODULE  R11

$MODULE "R10"
reference "R10"
value "R_Small_US"
footprint "Resistor_SMD:R_0805_2012Metric_Pad1.20x1.40mm_HandSolder"
attribut smd
position 129.016000 69.342000  orientation 180.00
layer front
$PAD "2"
Shape Roundrect Layer front
position  1.000000  0.000000  size  1.200000  1.400000  orientation 0.00
drill  0.000000
shape_offset  0.000000  0.000000
$EndPAD
$PAD "1"
Shape Roundrect Layer front
position -1.000000  0.000000  size  1.200000  1.400000  orientation 0.00
drill  0.000000
shape_offset  0.000000  0.000000
$EndPAD
$EndMODULE  R10

$MODULE "R9"
reference "R9"
value "0"
footprint "Resistor_SMD:R_0805_2012Metric_Pad1.20x1.40mm_HandSolder"
attribut smd
position 79.502000 91.932000  orientation 270.00
layer front
$PAD "2"
Shape Roundrect Layer front
position  1.000000  0.000000  size  1.200000  1.400000  orientation 0.00
drill  0.000000
shape_offset  0.000000  0.000000
$EndPAD
$PAD "1"
Shape Roundrect Layer front
position -1.000000  0.000000  size  1.200000  1.400000  orientation 0.00
drill  0.000000
shape_offset  0.000000  0.000000
$EndPAD
$EndMODULE  R9

$MODULE "R8"
reference "R8"
value "470"
footprint "Resistor_SMD:R_0805_2012Metric_Pad1.20x1.40mm_HandSolder"
attribut smd
position 164.084000 88.376000  orientation 90.00
layer front
$PAD "2"
Shape Roundrect Layer front
position  1.000000  0.000000  size  1.200000  1.400000  orientation 0.00
drill  0.000000
shape_offset  0.000000  0.000000
$EndPAD
$PAD "1"
Shape Roundrect Layer front
position -1.000000  0.000000  size  1.200000  1.400000  orientation 0.00
drill  0.000000
shape_offset  0.000000  0.000000
$EndPAD
$EndMODULE  R8

$MODULE "R7"
reference "R7"
value "3.01K"
footprint "Resistor_SMD:R_0805_2012Metric_Pad1.20x1.40mm_HandSolder"
attribut smd
position 75.692000 91.964000  orientation 90.00
layer front
$PAD "2"
Shape Roundrect Layer front
position  1.000000  0.000000  size  1.200000  1.400000  orientation 0.00
drill  0.000000
shape_offset  0.000000  0.000000
$EndPAD
$PAD "1"
Shape Roundrect Layer front
position -1.000000  0.000000  size  1.200000  1.400000  orientation 0.00
drill  0.000000
shape_offset  0.000000  0.000000
$EndPAD
$EndMODULE  R7

$MODULE "R6"
reference "R6"
value "4K7"
footprint "Resistor_SMD:R_0805_2012Metric_Pad1.20x1.40mm_HandSolder"
attribut smd
position 103.378000 71.120000  orientation 180.00
layer front
$PAD "2"
Shape Roundrect Layer front
position  1.000000  0.000000  size  1.200000  1.400000  orientation 0.00
drill  0.000000
shape_offset  0.000000  0.000000
$EndPAD
$PAD "1"
Shape Roundrect Layer front
position -1.000000  0.000000  size  1.200000  1.400000  orientation 0.00
drill  0.000000
shape_offset  0.000000  0.000000
$EndPAD
$EndMODULE  R6

$MODULE "R4"
reference "R4"
value "20K"
footprint "Resistor_SMD:R_0805_2012Metric_Pad1.20x1.40mm_HandSolder"
attribut smd
position 79.502000 97.282000  orientation 270.00
layer front
$PAD "2"
Shape Roundrect Layer front
position  1.000000  0.000000  size  1.200000  1.400000  orientation 0.00
drill  0.000000
shape_offset  0.000000  0.000000
$EndPAD
$PAD "1"
Shape Roundrect Layer front
position -1.000000  0.000000  size  1.200000  1.400000  orientation 0.00
drill  0.000000
shape_offset  0.000000  0.000000
$EndPAD
$EndMODULE  R4

$MODULE "R3"
reference "R3"
value "4K7"
footprint "Resistor_SMD:R_0805_2012Metric_Pad1.20x1.40mm_HandSolder"
attribut smd
position 103.378000 68.834000  orientation 0.00
layer front
$PAD "2"
Shape Roundrect Layer front
position  1.000000  0.000000  size  1.200000  1.400000  orientation 0.00
drill  0.000000
shape_offset  0.000000  0.000000
$EndPAD
$PAD "1"
Shape Roundrect Layer front
position -1.000000  0.000000  size  1.200000  1.400000  orientation 0.00
drill  0.000000
shape_offset  0.000000  0.000000
$EndPAD
$EndMODULE  R3

$MODULE "R2"
reference "R2"
value "4K7"
footprint "Resistor_SMD:R_0805_2012Metric_Pad1.20x1.40mm_HandSolder"
attribut smd
position 82.312000 67.056000  orientation 0.00
layer front
$PAD "2"
Shape Roundrect Layer front
position  1.000000  0.000000  size  1.200000  1.400000  orientation 0.00
drill  0.000000
shape_offset  0.000000  0.000000
$EndPAD
$PAD "1"
Shape Roundrect Layer front
position -1.000000  0.000000  size  1.200000  1.400000  orientation 0.00
drill  0.000000
shape_offset  0.000000  0.000000
$EndPAD
$EndMODULE  R2

$MODULE "R1"
reference "R1"
value "15K"
footprint "Resistor_SMD:R_0805_2012Metric_Pad1.20x1.40mm_HandSolder"
attribut smd
position 83.312000 100.822000  orientation 270.00
layer front
$PAD "2"
Shape Roundrect Layer front
position  1.000000  0.000000  size  1.200000  1.400000  orientation 0.00
drill  0.000000
shape_offset  0.000000  0.000000
$EndPAD
$PAD "1"
Shape Roundrect Layer front
position -1.000000  0.000000  size  1.200000  1.400000  orientation 0.00
drill  0.000000
shape_offset  0.000000  0.000000
$EndPAD
$EndMODULE  R1

$MODULE "Q4"
reference "Q4"
value "BC847"
footprint "Package_TO_SOT_SMD:SOT-23"
attribut smd
position 101.346000 121.412000  orientation 270.00
layer front
$PAD "3"
Shape Rect Layer front
position  1.000000  0.000000  size  0.900000  0.800000  orientation 0.00
drill  0.000000
shape_offset  0.000000  0.000000
$EndPAD
$PAD "2"
Shape Rect Layer front
position -1.000000  0.950000  size  0.900000  0.800000  orientation 0.00
drill  0.000000
shape_offset  0.000000  0.000000
$EndPAD
$PAD "1"
Shape Rect Layer front
position -1.000000 -0.950000  size  0.900000  0.800000  orientation 0.00
drill  0.000000
shape_offset  0.000000  0.000000
$EndPAD
$EndMODULE  Q4

$MODULE "Q3"
reference "Q3"
value "BC847"
footprint "Package_TO_SOT_SMD:SOT-23"
attribut smd
position 100.838000 113.046000  orientation 270.00
layer front
$PAD "3"
Shape Rect Layer front
position  1.000000  0.000000  size  0.900000  0.800000  orientation 0.00
drill  0.000000
shape_offset  0.000000  0.000000
$EndPAD
$PAD "2"
Shape Rect Layer front
position -1.000000  0.950000  size  0.900000  0.800000  orientation 0.00
drill  0.000000
shape_offset  0.000000  0.000000
$EndPAD
$PAD "1"
Shape Rect Layer front
position -1.000000 -0.950000  size  0.900000  0.800000  orientation 0.00
drill  0.000000
shape_offset  0.000000  0.000000
$EndPAD
$EndMODULE  Q3

$MODULE "Q2"
reference "Q2"
value "2N2219"
footprint "Package_TO_SOT_SMD:SOT-23"
attribut smd
position 151.003000 89.043000  orientation 270.00
layer front
$PAD "3"
Shape Rect Layer front
position  1.000000  0.000000  size  0.900000  0.800000  orientation 0.00
drill  0.000000
shape_offset  0.000000  0.000000
$EndPAD
$PAD "2"
Shape Rect Layer front
position -1.000000  0.950000  size  0.900000  0.800000  orientation 0.00
drill  0.000000
shape_offset  0.000000  0.000000
$EndPAD
$PAD "1"
Shape Rect Layer front
position -1.000000 -0.950000  size  0.900000  0.800000  orientation 0.00
drill  0.000000
shape_offset  0.000000  0.000000
$EndPAD
$EndMODULE  Q2

$MODULE "Q1"
reference "Q1"
value "2N2219"
footprint "Package_TO_SOT_SMD:SOT-23"
attribut smd
position 105.918000 108.966000  orientation 90.00
layer front
$PAD "3"
Shape Rect Layer front
position  1.000000  0.000000  size  0.900000  0.800000  orientation 0.00
drill  0.000000
shape_offset  0.000000  0.000000
$EndPAD
$PAD "2"
Shape Rect Layer front
position -1.000000  0.950000  size  0.900000  0.800000  orientation 0.00
drill  0.000000
shape_offset  0.000000  0.000000
$EndPAD
$PAD "1"
Shape Rect Layer front
position -1.000000 -0.950000  size  0.900000  0.800000  orientation 0.00
drill  0.000000
shape_offset  0.000000  0.000000
$EndPAD
$EndMODULE  Q1

$MODULE "J10"
reference "J10"
value "Conn_01x03_Female"
footprint "Connector_Phoenix_MC_HighVoltage:PhoenixContact_MCV_1,5_3-G-5.08_1x03_P5.08mm_Vertical"
attribut none
position 143.002000 128.778000  orientation 180.00
layer front
$PAD "3"
Shape Oval Layer both
position 10.160000  0.000000  size  1.800000  3.600000  orientation 0.00
drill  1.200000
shape_offset  0.000000  0.000000
$EndPAD
$PAD "2"
Shape Oval Layer both
position  5.080000  0.000000  size  1.800000  3.600000  orientation 0.00
drill  1.200000
shape_offset  0.000000  0.000000
$EndPAD
$PAD "1"
Shape Roundrect Layer both
position  0.000000  0.000000  size  1.800000  3.600000  orientation 0.00
drill  1.200000
shape_offset  0.000000  0.000000
$EndPAD
$EndMODULE  J10

$MODULE "J9"
reference "J9"
value "Conn_01x03_Female"
footprint "Connector_Phoenix_MC_HighVoltage:PhoenixContact_MCV_1,5_3-G-5.08_1x03_P5.08mm_Vertical"
attribut none
position 126.746000 128.778000  orientation 180.00
layer front
$PAD "3"
Shape Oval Layer both
position 10.160000  0.000000  size  1.800000  3.600000  orientation 0.00
drill  1.200000
shape_offset  0.000000  0.000000
$EndPAD
$PAD "2"
Shape Oval Layer both
position  5.080000  0.000000  size  1.800000  3.600000  orientation 0.00
drill  1.200000
shape_offset  0.000000  0.000000
$EndPAD
$PAD "1"
Shape Roundrect Layer both
position  0.000000  0.000000  size  1.800000  3.600000  orientation 0.00
drill  1.200000
shape_offset  0.000000  0.000000
$EndPAD
$EndMODULE  J9

$MODULE "J8"
reference "J8"
value "Conn_01x03_Female"
footprint "Connector_Phoenix_MC_HighVoltage:PhoenixContact_MCV_1,5_3-G-5.08_1x03_P5.08mm_Vertical"
attribut none
position 94.234000 128.778000  orientation 180.00
layer front
$PAD "3"
Shape Oval Layer both
position 10.160000  0.000000  size  1.800000  3.600000  orientation 0.00
drill  1.200000
shape_offset  0.000000  0.000000
$EndPAD
$PAD "2"
Shape Oval Layer both
position  5.080000  0.000000  size  1.800000  3.600000  orientation 0.00
drill  1.200000
shape_offset  0.000000  0.000000
$EndPAD
$PAD "1"
Shape Roundrect Layer both
position  0.000000  0.000000  size  1.800000  3.600000  orientation 0.00
drill  1.200000
shape_offset  0.000000  0.000000
$EndPAD
$EndMODULE  J8

$MODULE "J7"
reference "J7"
value "Conn_01x03_Female"
footprint "Connector_Phoenix_MC_HighVoltage:PhoenixContact_MCV_1,5_3-G-5.08_1x03_P5.08mm_Vertical"
attribut none
position 110.490000 128.778000  orientation 180.00
layer front
$PAD "3"
Shape Oval Layer both
position 10.160000  0.000000  size  1.800000  3.600000  orientation 0.00
drill  1.200000
shape_offset  0.000000  0.000000
$EndPAD
$PAD "2"
Shape Oval Layer both
position  5.080000  0.000000  size  1.800000  3.600000  orientation 0.00
drill  1.200000
shape_offset  0.000000  0.000000
$EndPAD
$PAD "1"
Shape Roundrect Layer both
position  0.000000  0.000000  size  1.800000  3.600000  orientation 0.00
drill  1.200000
shape_offset  0.000000  0.000000
$EndPAD
$EndMODULE  J7

$MODULE "J4"
reference "J4"
value "Conn_01x02_Female"
footprint "Connector_PinHeader_2.54mm:PinHeader_1x02_P2.54mm_Vertical"
attribut none
position 163.068000 68.326000  orientation 270.00
layer front
$PAD "2"
Shape Oval Layer both
position  0.000000  2.540000  size  1.700000  1.700000  orientation 0.00
drill  1.000000
shape_offset  0.000000  0.000000
$EndPAD
$PAD "1"
Shape Rect Layer both
position  0.000000  0.000000  size  1.700000  1.700000  orientation 0.00
drill  1.000000
shape_offset  0.000000  0.000000
$EndPAD
$EndMODULE  J4

$MODULE "J2"
reference "J2"
value "Conn_01x02_Female"
footprint "Connector_Phoenix_MC_HighVoltage:PhoenixContact_MCV_1,5_2-G-5.08_1x02_P5.08mm_Vertical"
attribut none
position 105.283000 60.198000  orientation 0.00
layer front
$PAD "2"
Shape Oval Layer both
position  5.080000  0.000000  size  1.800000  3.600000  orientation 0.00
drill  1.200000
shape_offset  0.000000  0.000000
$EndPAD
$PAD "1"
Shape Roundrect Layer both
position  0.000000  0.000000  size  1.800000  3.600000  orientation 0.00
drill  1.200000
shape_offset  0.000000  0.000000
$EndPAD
$EndMODULE  J2

$MODULE "D4"
reference "D4"
value "B240A"
footprint "Diode_SMD:D_SMA"
attribut smd
position 85.122000 107.442000  orientation 0.00
layer front
$PAD "2"
Shape Rect Layer front
position  2.000000  0.000000  size  2.500000  1.800000  orientation 0.00
drill  0.000000
shape_offset  0.000000  0.000000
$EndPAD
$PAD "1"
Shape Rect Layer front
position -2.000000  0.000000  size  2.500000  1.800000  orientation 0.00
drill  0.000000
shape_offset  0.000000  0.000000
$EndPAD
$EndMODULE  D4

$MODULE "D3"
reference "D3"
value "LED"
footprint "LED_THT:LED_D3.0mm"
attribut none
position 164.084000 84.836000  orientation 90.00
layer front
$PAD "2"
Shape Circle Layer both
position  2.540000  0.000000  size  1.800000  1.800000  orientation 0.00
drill  0.900000
shape_offset  0.000000  0.000000
$EndPAD
$PAD "1"
Shape Rect Layer both
position  0.000000  0.000000  size  1.800000  1.800000  orientation 0.00
drill  0.900000
shape_offset  0.000000  0.000000
$EndPAD
$EndMODULE  D3

$MODULE "C10"
reference "C10"
value "4.7uF 50V Ceramic"
footprint "Capacitor_SMD:C_1206_3216Metric"
attribut smd
position 75.438000 102.362000  orientation 0.00
layer front
$PAD "2"
Shape Roundrect Layer front
position  1.475000  0.000000  size  1.150000  1.800000  orientation 0.00
drill  0.000000
shape_offset  0.000000  0.000000
$EndPAD
$PAD "1"
Shape Roundrect Layer front
position -1.475000  0.000000  size  1.150000  1.800000  orientation 0.00
drill  0.000000
shape_offset  0.000000  0.000000
$EndPAD
$EndMODULE  C10

$MODULE "C9"
reference "C9"
value "0.1uF 50V Ceramic"
footprint "Capacitor_SMD:C_0805_2012Metric"
attribut smd
position 75.118000 108.712000  orientation 180.00
layer front
$PAD "2"
Shape Roundrect Layer front
position  0.950000  0.000000  size  1.000000  1.450000  orientation 0.00
drill  0.000000
shape_offset  0.000000  0.000000
$EndPAD
$PAD "1"
Shape Roundrect Layer front
position -0.950000  0.000000  size  1.000000  1.450000  orientation 0.00
drill  0.000000
shape_offset  0.000000  0.000000
$EndPAD
$EndMODULE  C9

$MODULE "C8"
reference "C8"
value "100nF 16V"
footprint "Capacitor_SMD:C_0805_2012Metric"
attribut smd
position 118.176000 69.342000  orientation 180.00
layer front
$PAD "2"
Shape Roundrect Layer front
position  0.950000  0.000000  size  1.000000  1.450000  orientation 0.00
drill  0.000000
shape_offset  0.000000  0.000000
$EndPAD
$PAD "1"
Shape Roundrect Layer front
position -0.950000  0.000000  size  1.000000  1.450000  orientation 0.00
drill  0.000000
shape_offset  0.000000  0.000000
$EndPAD
$EndMODULE  C8

$MODULE "C7"
reference "C7"
value "820p 50V Ceramic"
footprint "Capacitor_SMD:C_0805_2012Metric"
attribut smd
position 85.852000 83.312000  orientation 270.00
layer front
$PAD "2"
Shape Roundrect Layer front
position  0.950000  0.000000  size  1.000000  1.450000  orientation 0.00
drill  0.000000
shape_offset  0.000000  0.000000
$EndPAD
$PAD "1"
Shape Roundrect Layer front
position -0.950000  0.000000  size  1.000000  1.450000  orientation 0.00
drill  0.000000
shape_offset  0.000000  0.000000
$EndPAD
$EndMODULE  C7

$MODULE "C6"
reference "C6"
value "2p 50V Ceramic"
footprint "Capacitor_SMD:C_0805_2012Metric"
attribut smd
position 80.772000 84.902000  orientation 270.00
layer front
$PAD "2"
Shape Roundrect Layer front
position  0.950000  0.000000  size  1.000000  1.450000  orientation 0.00
drill  0.000000
shape_offset  0.000000  0.000000
$EndPAD
$PAD "1"
Shape Roundrect Layer front
position -0.950000  0.000000  size  1.000000  1.450000  orientation 0.00
drill  0.000000
shape_offset  0.000000  0.000000
$EndPAD
$EndMODULE  C6

$MODULE "C5"
reference "C5"
value "100n 50V Ceramic"
footprint "Capacitor_SMD:C_0805_2012Metric"
attribut smd
position 92.202000 106.172000  orientation 270.00
layer front
$PAD "2"
Shape Roundrect Layer front
position  0.950000  0.000000  size  1.000000  1.450000  orientation 0.00
drill  0.000000
shape_offset  0.000000  0.000000
$EndPAD
$PAD "1"
Shape Roundrect Layer front
position -0.950000  0.000000  size  1.000000  1.450000  orientation 0.00
drill  0.000000
shape_offset  0.000000  0.000000
$EndPAD
$EndMODULE  C5

$MODULE "C3"
reference "C3"
value "680p 50V Ceramic"
footprint "Capacitor_SMD:C_0805_2012Metric"
attribut smd
position 83.312000 96.332000  orientation 90.00
layer front
$PAD "2"
Shape Roundrect Layer front
position  0.950000  0.000000  size  1.000000  1.450000  orientation 0.00
drill  0.000000
shape_offset  0.000000  0.000000
$EndPAD
$PAD "1"
Shape Roundrect Layer front
position -0.950000  0.000000  size  1.000000  1.450000  orientation 0.00
drill  0.000000
shape_offset  0.000000  0.000000
$EndPAD
$EndMODULE  C3

$MODULE "C2"
reference "C2"
value "22uF 50V Ceramic"
footprint "Capacitor_SMD:C_1206_3216Metric"
attribut smd
position 77.773000 127.000000  orientation 180.00
layer front
$PAD "2"
Shape Roundrect Layer front
position  1.475000  0.000000  size  1.150000  1.800000  orientation 0.00
drill  0.000000
shape_offset  0.000000  0.000000
$EndPAD
$PAD "1"
Shape Roundrect Layer front
position -1.475000  0.000000  size  1.150000  1.800000  orientation 0.00
drill  0.000000
shape_offset  0.000000  0.000000
$EndPAD
$EndMODULE  C2

$EndDESCRIPTION
